[LOG] System::create                           : Header version = 2.00.09. Current version = 2.00.09.
[LOG] Manager::init                            : maxchannels = 256 studioflags = 00000006 flags 00000000 extradriverdata 0000000000000000.
[LOG] SystemI::init                            : Initialize version=20009 (109255), maxchannels=256, flags=0x00020000
[LOG] SystemI::setOutputInternal               : Setting output to 'FMOD WASAPI Output'
[LOG] OutputWASAPI::init                       : Mix Format (WAVEFORMATEX): wFormatTag=0xFFFE, nChannels=2, nSamplesPerSec=192000, nAvgBytesPerSec=1536000, nBlockAlign=8, wBitsPerSample=32, cbSize=22.
[LOG] OutputWASAPI::init                       : Mix Format (WAVEFORMATEXTENSIBLE): wValidBitsPerSample=32, dwChannelMask=0x00000003, SubFormat=00000003-0000-0010-8000-00AA00389B71.
[LOG] OutputWASAPI::init                       : Output buffer size: 16384 samples, latency: 0.00ms, period: 10.00ms, DSP buffer: 1024 * 4
[WRN] SystemI::init                            : Output requires a sample rate of 192000Hz, resampling will occur.
[LOG] Thread::initThread                       : Init FMOD stream thread. Priority: 2, Stack Size: 98304, Semaphore: No, Sleep Time: 10, Looping: Yes.
[LOG] Thread::initThread                       : Init FMOD mixer thread. Priority: 3, Stack Size: 81920, Semaphore: No, Sleep Time: 0, Looping: Yes.
[LOG] AsyncManager::init                       : manager 000002E1925BA0E8 isAsync 0 updatePeriod 0.02
[LOG] AsyncManager::init                       : done
[LOG] PlaybackSystem::init                     : 
[LOG] Thread::initThread                       : Init FMOD Studio sample load thread. Priority: 0, Stack Size: 98304, Semaphore: No, Sleep Time: 1, Looping: No.
[LOG] PlaybackSystem::init                     : done
[LOG] Thread::initThread                       : Init FMOD Studio bank load thread. Priority: 0, Stack Size: 98304, Semaphore: No, Sleep Time: 1, Looping: No.
[LOG] Manager::init                            : done.
[LOG] Manager::readBank                        : fileversion = 123, compatVersion = 119 (oldest = 44, newest = 125)
[LOG] PlaybackSystem::acquireMasterBus         : Setting master channel group format to 6
[LOG] Manager::readBank                        : fileversion = 123, compatVersion = 119 (oldest = 44, newest = 125)
[LOG] SystemI::createSoundInternal             : Create name='', mode=0x02000202
[LOG] SystemI::createSoundInternal             : exinfo->cbsize             = 224
[LOG] SystemI::createSoundInternal             : exinfo->length             = 3739200
[LOG] SystemI::createSoundInternal             : exinfo->fileoffset         = 34240
[LOG] SystemI::createSoundInternal             : exinfo->numsubsounds       = 1
[LOG] SystemI::createSoundInternal             : exinfo->inclusionlist      = 000000E7C3F3F15C
[LOG] SystemI::createSoundInternal             : exinfo->inclusionlistnum   = 1
[LOG] SystemI::createSoundInternal             : exinfo->suggestedsoundtype = 5
[LOG] SystemI::createSoundInternal             : exinfo->useropen           = 00007FF89FAEC330
[LOG] SystemI::createSoundInternal             : exinfo->userclose          = 00007FF89FAEC300
[LOG] SystemI::createSoundInternal             : exinfo->userread           = 00007FF89FAEC400
[LOG] SystemI::createSoundInternal             : exinfo->userseek           = 00007FF89FAEC4C0
[LOG] SystemI::createSoundInternal             : exinfo->fileuserdata       = 000002E192465888
[LOG] SystemI::createSoundInternal             : exinfo->initialseekpostype = 1
[LOG] SystemI::DSPCodecPoolRegister            : register codec pool for pool type 5
[LOG] SystemI::createSoundInternal             : Sample 0/1: name='LandImpact_1', format=2, channels=2, frequency=48000, lengthbytes=2656, lengthpcm=68803, pcmblocksize=0, loopstart=0, loopend=0, mode=0x00000000, channelmask=0x00000000, channelorder=0, peakvolume=0.019237.
[LOG] SystemI::createSoundInternal             : Create name='', mode=0x02000202
[LOG] SystemI::createSoundInternal             : exinfo->cbsize             = 224
[LOG] SystemI::createSoundInternal             : exinfo->length             = 3739200
[LOG] SystemI::createSoundInternal             : exinfo->fileoffset         = 34240
[LOG] SystemI::createSoundInternal             : exinfo->numsubsounds       = 1
[LOG] SystemI::createSoundInternal             : exinfo->inclusionlist      = 000000E7C3F3F15C
[LOG] SystemI::createSoundInternal             : exinfo->inclusionlistnum   = 1
[LOG] SystemI::createSoundInternal             : exinfo->suggestedsoundtype = 5
[LOG] SystemI::createSoundInternal             : exinfo->useropen           = 00007FF89FAEC330
[LOG] SystemI::createSoundInternal             : exinfo->userclose          = 00007FF89FAEC300
[LOG] SystemI::createSoundInternal             : exinfo->userread           = 00007FF89FAEC400
[LOG] SystemI::createSoundInternal             : exinfo->userseek           = 00007FF89FAEC4C0
[LOG] SystemI::createSoundInternal             : exinfo->fileuserdata       = 000002E192465888
[LOG] SystemI::createSoundInternal             : exinfo->initialseekpostype = 1
[LOG] SystemI::DSPCodecPoolRegister            : register codec pool for pool type 5
[LOG] SystemI::createSoundInternal             : Sample 0/1: name='LandImpact_2', format=2, channels=2, frequency=48000, lengthbytes=3328, lengthpcm=68803, pcmblocksize=0, loopstart=0, loopend=0, mode=0x00000000, channelmask=0x00000000, channelorder=0, peakvolume=0.018856.
[LOG] SoundI::release                          :  (000002E153ED4858)
[LOG] SoundI::release                          :     LandImpact_1 (000002E15B3BC3A8)
[LOG] SoundI::release                          :  (000002E153ED4F88)
[LOG] SoundI::release                          :     LandImpact_2 (000002E15B3BC068)
[LOG] Manager::readBank                        : fileversion = 123, compatVersion = 119 (oldest = 44, newest = 125)
[LOG] PlaybackSystem::acquireMasterBus         : Setting master channel group format to 6
[LOG] Manager::readBank                        : fileversion = 123, compatVersion = 119 (oldest = 44, newest = 125)
[LOG] SystemI::createSoundInternal             : Create name='', mode=0x02000202
[LOG] SystemI::createSoundInternal             : exinfo->cbsize             = 224
[LOG] SystemI::createSoundInternal             : exinfo->length             = 3739200
[LOG] SystemI::createSoundInternal             : exinfo->fileoffset         = 34240
[LOG] SystemI::createSoundInternal             : exinfo->numsubsounds       = 1
[LOG] SystemI::createSoundInternal             : exinfo->inclusionlist      = 000000E7C3F3F15C
[LOG] SystemI::createSoundInternal             : exinfo->inclusionlistnum   = 1
[LOG] SystemI::createSoundInternal             : exinfo->suggestedsoundtype = 5
[LOG] SystemI::createSoundInternal             : exinfo->useropen           = 00007FF89FAEC330
[LOG] SystemI::createSoundInternal             : exinfo->userclose          = 00007FF89FAEC300
[LOG] SystemI::createSoundInternal             : exinfo->userread           = 00007FF89FAEC400
[LOG] SystemI::createSoundInternal             : exinfo->userseek           = 00007FF89FAEC4C0
[LOG] SystemI::createSoundInternal             : exinfo->fileuserdata       = 000002E1924664E8
[LOG] SystemI::createSoundInternal             : exinfo->initialseekpostype = 1
[LOG] SystemI::DSPCodecPoolRegister            : register codec pool for pool type 5
[LOG] SystemI::createSoundInternal             : Sample 0/1: name='Jump', format=2, channels=2, frequency=48000, lengthbytes=2624, lengthpcm=68803, pcmblocksize=0, loopstart=0, loopend=0, mode=0x00000000, channelmask=0x00000000, channelorder=0, peakvolume=0.553462.
[LOG] SoundI::release                          :  (000002E153ED4578)
[LOG] SoundI::release                          :     Jump (000002E15B3BC068)
[LOG] Manager::readBank                        : fileversion = 123, compatVersion = 119 (oldest = 44, newest = 125)
[LOG] PlaybackSystem::acquireMasterBus         : Setting master channel group format to 6
[LOG] Manager::readBank                        : fileversion = 123, compatVersion = 119 (oldest = 44, newest = 125)
[LOG] SystemI::createSoundInternal             : Create name='', mode=0x02000202
[LOG] SystemI::createSoundInternal             : exinfo->cbsize             = 224
[LOG] SystemI::createSoundInternal             : exinfo->length             = 3739200
[LOG] SystemI::createSoundInternal             : exinfo->fileoffset         = 34240
[LOG] SystemI::createSoundInternal             : exinfo->numsubsounds       = 1
[LOG] SystemI::createSoundInternal             : exinfo->inclusionlist      = 000000E7C3F3F15C
[LOG] SystemI::createSoundInternal             : exinfo->inclusionlistnum   = 1
[LOG] SystemI::createSoundInternal             : exinfo->suggestedsoundtype = 5
[LOG] SystemI::createSoundInternal             : exinfo->useropen           = 00007FF89FAEC330
[LOG] SystemI::createSoundInternal             : exinfo->userclose          = 00007FF89FAEC300
[LOG] SystemI::createSoundInternal             : exinfo->userread           = 00007FF89FAEC400
[LOG] SystemI::createSoundInternal             : exinfo->userseek           = 00007FF89FAEC4C0
[LOG] SystemI::createSoundInternal             : exinfo->fileuserdata       = 000002E191FA2B98
[LOG] SystemI::createSoundInternal             : exinfo->initialseekpostype = 1
[LOG] SystemI::DSPCodecPoolRegister            : register codec pool for pool type 5
[LOG] SystemI::createSoundInternal             : Sample 0/1: name='Jump', format=2, channels=2, frequency=48000, lengthbytes=2624, lengthpcm=68803, pcmblocksize=0, loopstart=0, loopend=0, mode=0x00000000, channelmask=0x00000000, channelorder=0, peakvolume=0.553462.
[LOG] SoundI::release                          :  (000002E13B2B6828)
[LOG] SoundI::release                          :     Jump (000002E130BAE7D8)
[LOG] Manager::readBank                        : fileversion = 123, compatVersion = 119 (oldest = 44, newest = 125)
[LOG] PlaybackSystem::acquireMasterBus         : Setting master channel group format to 6
[LOG] Manager::readBank                        : fileversion = 123, compatVersion = 119 (oldest = 44, newest = 125)
[LOG] SystemI::createSoundInternal             : Create name='', mode=0x02000202
[LOG] SystemI::createSoundInternal             : exinfo->cbsize             = 224
[LOG] SystemI::createSoundInternal             : exinfo->length             = 3739200
[LOG] SystemI::createSoundInternal             : exinfo->fileoffset         = 34240
[LOG] SystemI::createSoundInternal             : exinfo->numsubsounds       = 1
[LOG] SystemI::createSoundInternal             : exinfo->inclusionlist      = 000000E7C3F3F15C
[LOG] SystemI::createSoundInternal             : exinfo->inclusionlistnum   = 1
[LOG] SystemI::createSoundInternal             : exinfo->suggestedsoundtype = 5
[LOG] SystemI::createSoundInternal             : exinfo->useropen           = 00007FF89FAEC330
[LOG] SystemI::createSoundInternal             : exinfo->userclose          = 00007FF89FAEC300
[LOG] SystemI::createSoundInternal             : exinfo->userread           = 00007FF89FAEC400
[LOG] SystemI::createSoundInternal             : exinfo->userseek           = 00007FF89FAEC4C0
[LOG] SystemI::createSoundInternal             : exinfo->fileuserdata       = 000002E1548A3998
[LOG] SystemI::createSoundInternal             : exinfo->initialseekpostype = 1
[LOG] SystemI::DSPCodecPoolRegister            : register codec pool for pool type 5
[LOG] SystemI::createSoundInternal             : Sample 0/1: name='FS_Base_4', format=2, channels=2, frequency=48000, lengthbytes=3328, lengthpcm=68803, pcmblocksize=0, loopstart=0, loopend=0, mode=0x00000000, channelmask=0x00000000, channelorder=0, peakvolume=0.006793.
[LOG] SystemI::createSoundInternal             : Create name='', mode=0x02000202
[LOG] SystemI::createSoundInternal             : exinfo->cbsize             = 224
[LOG] SystemI::createSoundInternal             : exinfo->length             = 3739200
[LOG] SystemI::createSoundInternal             : exinfo->fileoffset         = 34240
[LOG] SystemI::createSoundInternal             : exinfo->numsubsounds       = 1
[LOG] SystemI::createSoundInternal             : exinfo->inclusionlist      = 000000E7C3F3F15C
[LOG] SystemI::createSoundInternal             : exinfo->inclusionlistnum   = 1
[LOG] SystemI::createSoundInternal             : exinfo->suggestedsoundtype = 5
[LOG] SystemI::createSoundInternal             : exinfo->useropen           = 00007FF89FAEC330
[LOG] SystemI::createSoundInternal             : exinfo->userclose          = 00007FF89FAEC300
[LOG] SystemI::createSoundInternal             : exinfo->userread           = 00007FF89FAEC400
[LOG] SystemI::createSoundInternal             : exinfo->userseek           = 00007FF89FAEC4C0
[LOG] SystemI::createSoundInternal             : exinfo->fileuserdata       = 000002E1548A3998
[LOG] SystemI::createSoundInternal             : exinfo->initialseekpostype = 1
[LOG] SystemI::DSPCodecPoolRegister            : register codec pool for pool type 5
[LOG] SystemI::createSoundInternal             : Sample 0/1: name='FS_Base_6', format=2, channels=2, frequency=48000, lengthbytes=3360, lengthpcm=68803, pcmblocksize=0, loopstart=0, loopend=0, mode=0x00000000, channelmask=0x00000000, channelorder=0, peakvolume=0.007100.
[LOG] SystemI::createSoundInternal             : Create name='', mode=0x02000202
[LOG] SystemI::createSoundInternal             : exinfo->cbsize             = 224
[LOG] SystemI::createSoundInternal             : exinfo->length             = 3739200
[LOG] SystemI::createSoundInternal             : exinfo->fileoffset         = 34240
[LOG] SystemI::createSoundInternal             : exinfo->numsubsounds       = 1
[LOG] SystemI::createSoundInternal             : exinfo->inclusionlist      = 000000E7C3F3F15C
[LOG] SystemI::createSoundInternal             : exinfo->inclusionlistnum   = 1
[LOG] SystemI::createSoundInternal             : exinfo->suggestedsoundtype = 5
[LOG] SystemI::createSoundInternal             : exinfo->useropen           = 00007FF89FAEC330
[LOG] SystemI::createSoundInternal             : exinfo->userclose          = 00007FF89FAEC300
[LOG] SystemI::createSoundInternal             : exinfo->userread           = 00007FF89FAEC400
[LOG] SystemI::createSoundInternal             : exinfo->userseek           = 00007FF89FAEC4C0
[LOG] SystemI::createSoundInternal             : exinfo->fileuserdata       = 000002E1548A3998
[LOG] SystemI::createSoundInternal             : exinfo->initialseekpostype = 1
[LOG] SystemI::DSPCodecPoolRegister            : register codec pool for pool type 5
[LOG] SystemI::createSoundInternal             : Sample 0/1: name='FS_Base_1', format=2, channels=2, frequency=48000, lengthbytes=3296, lengthpcm=68803, pcmblocksize=0, loopstart=0, loopend=0, mode=0x00000000, channelmask=0x00000000, channelorder=0, peakvolume=0.007726.
[LOG] SystemI::createSoundInternal             : Create name='', mode=0x02000202
[LOG] SystemI::createSoundInternal             : exinfo->cbsize             = 224
[LOG] SystemI::createSoundInternal             : exinfo->length             = 3739200
[LOG] SystemI::createSoundInternal             : exinfo->fileoffset         = 34240
[LOG] SystemI::createSoundInternal             : exinfo->numsubsounds       = 1
[LOG] SystemI::createSoundInternal             : exinfo->inclusionlist      = 000000E7C3F3F15C
[LOG] SystemI::createSoundInternal             : exinfo->inclusionlistnum   = 1
[LOG] SystemI::createSoundInternal             : exinfo->suggestedsoundtype = 5
[LOG] SystemI::createSoundInternal             : exinfo->useropen           = 00007FF89FAEC330
[LOG] SystemI::createSoundInternal             : exinfo->userclose          = 00007FF89FAEC300
[LOG] SystemI::createSoundInternal             : exinfo->userread           = 00007FF89FAEC400
[LOG] SystemI::createSoundInternal             : exinfo->userseek           = 00007FF89FAEC4C0
[LOG] SystemI::createSoundInternal             : exinfo->fileuserdata       = 000002E1548A3998
[LOG] SystemI::createSoundInternal             : exinfo->initialseekpostype = 1
[LOG] SystemI::DSPCodecPoolRegister            : register codec pool for pool type 5
[LOG] SystemI::createSoundInternal             : Sample 0/1: name='FS_Base_3', format=2, channels=2, frequency=48000, lengthbytes=3360, lengthpcm=68803, pcmblocksize=0, loopstart=0, loopend=0, mode=0x00000000, channelmask=0x00000000, channelorder=0, peakvolume=0.006713.
[LOG] SystemI::createSoundInternal             : Create name='', mode=0x02000202
[LOG] SystemI::createSoundInternal             : exinfo->cbsize             = 224
[LOG] SystemI::createSoundInternal             : exinfo->length             = 3739200
[LOG] SystemI::createSoundInternal             : exinfo->fileoffset         = 34240
[LOG] SystemI::createSoundInternal             : exinfo->numsubsounds       = 1
[LOG] SystemI::createSoundInternal             : exinfo->inclusionlist      = 000000E7C3F3F15C
[LOG] SystemI::createSoundInternal             : exinfo->inclusionlistnum   = 1
[LOG] SystemI::createSoundInternal             : exinfo->suggestedsoundtype = 5
[LOG] SystemI::createSoundInternal             : exinfo->useropen           = 00007FF89FAEC330
[LOG] SystemI::createSoundInternal             : exinfo->userclose          = 00007FF89FAEC300
[LOG] SystemI::createSoundInternal             : exinfo->userread           = 00007FF89FAEC400
[LOG] SystemI::createSoundInternal             : exinfo->userseek           = 00007FF89FAEC4C0
[LOG] SystemI::createSoundInternal             : exinfo->fileuserdata       = 000002E1548A3998
[LOG] SystemI::createSoundInternal             : exinfo->initialseekpostype = 1
[LOG] SystemI::DSPCodecPoolRegister            : register codec pool for pool type 5
[LOG] SystemI::createSoundInternal             : Sample 0/1: name='FS_Base_2', format=2, channels=2, frequency=48000, lengthbytes=3296, lengthpcm=68803, pcmblocksize=0, loopstart=0, loopend=0, mode=0x00000000, channelmask=0x00000000, channelorder=0, peakvolume=0.005357.
[LOG] SystemI::createSoundInternal             : Create name='', mode=0x02000202
[LOG] SystemI::createSoundInternal             : exinfo->cbsize             = 224
[LOG] SystemI::createSoundInternal             : exinfo->length             = 3739200
[LOG] SystemI::createSoundInternal             : exinfo->fileoffset         = 34240
[LOG] SystemI::createSoundInternal             : exinfo->numsubsounds       = 1
[LOG] SystemI::createSoundInternal             : exinfo->inclusionlist      = 000000E7C3F3F15C
[LOG] SystemI::createSoundInternal             : exinfo->inclusionlistnum   = 1
[LOG] SystemI::createSoundInternal             : exinfo->suggestedsoundtype = 5
[LOG] SystemI::createSoundInternal             : exinfo->useropen           = 00007FF89FAEC330
[LOG] SystemI::createSoundInternal             : exinfo->userclose          = 00007FF89FAEC300
[LOG] SystemI::createSoundInternal             : exinfo->userread           = 00007FF89FAEC400
[LOG] SystemI::createSoundInternal             : exinfo->userseek           = 00007FF89FAEC4C0
[LOG] SystemI::createSoundInternal             : exinfo->fileuserdata       = 000002E1548A3998
[LOG] SystemI::createSoundInternal             : exinfo->initialseekpostype = 1
[LOG] SystemI::DSPCodecPoolRegister            : register codec pool for pool type 5
[LOG] SystemI::createSoundInternal             : Sample 0/1: name='FS_Base_5', format=2, channels=2, frequency=48000, lengthbytes=3360, lengthpcm=68803, pcmblocksize=0, loopstart=0, loopend=0, mode=0x00000000, channelmask=0x00000000, channelorder=0, peakvolume=0.005684.
[LOG] SoundI::release                          :  (000002E14020EA48)
[LOG] SoundI::release                          :     FS_Base_1 (000002E15B8111F8)
[LOG] SoundI::release                          :  (000002E184172C18)
[LOG] SoundI::release                          :     FS_Base_2 (000002E155E8F3F8)
[LOG] SoundI::release                          :  (000002E140663378)
[LOG] SoundI::release                          :     FS_Base_3 (000002E155E8FA78)
[LOG] SoundI::release                          :  (000002E14020F008)
[LOG] SoundI::release                          :     FS_Base_4 (000002E15B810D18)
[LOG] SoundI::release                          :  (000002E184172D88)
[LOG] SoundI::release                          :     FS_Base_5 (000002E155E8F258)
[LOG] SoundI::release                          :  (000002E14020ED28)
[LOG] SoundI::release                          :     FS_Base_6 (000002E15B811058)
[LOG] Thread::callback                         : FMOD Studio bank load thread finished.
[LOG] Thread::callback                         : FMOD Studio sample load thread finished.
[LOG] LiveUpdate::release                      : 
[LOG] LiveUpdate::reset                        : Reset connection (reason Disconnected)
[LOG] Thread::callback                         : FMOD stream thread finished.
[LOG] Thread::callback                         : FMOD mixer thread finished.
[LOG] SystemI::close                           : Closed.
